<?xml version="1.0" encoding="UTF-8"?>
<testng-results ignored="8" total="13" passed="4" failed="0" skipped="1">
  <reporter-output>
  </reporter-output>
  <suite started-at="2024-03-30T16:54:55 IST" name="Suite" finished-at="2024-03-30T16:58:07 IST" duration-ms="191787">
    <groups>
    </groups>
    <test started-at="2024-03-30T16:54:55 IST" name="Login" finished-at="2024-03-30T16:58:07 IST" duration-ms="191787">
      <class name="com.leafBot.testcases.TC005_DeleteLead">
        <test-method is-config="true" signature="setData()[pri:0, instance:com.leafBot.testcases.TC005_DeleteLead@742ff096]" started-at="2024-03-30T16:54:55 IST" name="setData" finished-at="2024-03-30T16:54:55 IST" duration-ms="1" status="PASS">
          <reporter-output>
          </reporter-output>
        </test-method> <!-- setData -->
        <test-method is-config="true" signature="report()[pri:0, instance:com.leafBot.testcases.TC005_DeleteLead@742ff096]" started-at="2024-03-30T16:54:55 IST" name="report" finished-at="2024-03-30T16:54:55 IST" duration-ms="25" status="PASS">
          <reporter-output>
          </reporter-output>
        </test-method> <!-- report -->
        <test-method is-config="true" signature="beforeMethod()[pri:0, instance:com.leafBot.testcases.TC005_DeleteLead@742ff096]" started-at="2024-03-30T16:54:58 IST" name="beforeMethod" finished-at="2024-03-30T16:55:05 IST" duration-ms="7556" status="PASS">
          <reporter-output>
          </reporter-output>
        </test-method> <!-- beforeMethod -->
        <test-method signature="deleteLead(java.lang.String,java.lang.String,java.lang.String,java.lang.String)[pri:0, instance:com.leafBot.testcases.TC005_DeleteLead@742ff096]" started-at="2024-03-30T16:55:05 IST" name="deleteLead" data-provider="fetchData" finished-at="2024-03-30T16:55:48 IST" duration-ms="42750" status="PASS">
          <params>
            <param index="0">
              <value>
                <![CDATA[DemoSalesManager]]>
              </value>
            </param>
            <param index="1">
              <value>
                <![CDATA[crmsfa]]>
              </value>
            </param>
            <param index="2">
              <value>
                <![CDATA[99]]>
              </value>
            </param>
            <param index="3">
              <value>
                <![CDATA[No records to display]]>
              </value>
            </param>
          </params>
          <reporter-output>
          </reporter-output>
        </test-method> <!-- deleteLead -->
        <test-method is-config="true" signature="afterMethod()[pri:0, instance:com.leafBot.testcases.TC005_DeleteLead@742ff096]" started-at="2024-03-30T16:55:48 IST" name="afterMethod" finished-at="2024-03-30T16:55:48 IST" duration-ms="138" status="PASS">
          <reporter-output>
          </reporter-output>
        </test-method> <!-- afterMethod -->
      </class> <!-- com.leafBot.testcases.TC005_DeleteLead -->
      <class name="com.leafBot.testcases.TC007_MergeLead">
        <test-method is-config="true" signature="setValues()[pri:0, instance:com.leafBot.testcases.TC007_MergeLead@350aac89]" started-at="2024-03-30T16:54:55 IST" name="setValues" finished-at="2024-03-30T16:54:55 IST" duration-ms="0" status="PASS">
          <reporter-output>
          </reporter-output>
        </test-method> <!-- setValues -->
        <test-method is-config="true" signature="report()[pri:0, instance:com.leafBot.testcases.TC007_MergeLead@350aac89]" started-at="2024-03-30T16:54:55 IST" name="report" finished-at="2024-03-30T16:54:55 IST" duration-ms="23" status="PASS">
          <reporter-output>
          </reporter-output>
        </test-method> <!-- report -->
        <test-method is-config="true" signature="beforeMethod()[pri:0, instance:com.leafBot.testcases.TC007_MergeLead@350aac89]" started-at="2024-03-30T16:54:58 IST" name="beforeMethod" finished-at="2024-03-30T16:57:07 IST" duration-ms="129243" status="PASS">
          <reporter-output>
          </reporter-output>
        </test-method> <!-- beforeMethod -->
        <test-method signature="mergeLead(java.lang.String,java.lang.String,java.lang.String,java.lang.String,java.lang.String)[pri:0, instance:com.leafBot.testcases.TC007_MergeLead@350aac89]" started-at="2024-03-30T16:57:07 IST" name="mergeLead" data-provider="fetchData" finished-at="2024-03-30T16:57:34 IST" duration-ms="26831" status="PASS">
          <params>
            <param index="0">
              <value>
                <![CDATA[DemoSalesManager]]>
              </value>
            </param>
            <param index="1">
              <value>
                <![CDATA[crmsfa]]>
              </value>
            </param>
            <param index="2">
              <value>
                <![CDATA[hari]]>
              </value>
            </param>
            <param index="3">
              <value>
                <![CDATA[r]]>
              </value>
            </param>
            <param index="4">
              <value>
                <![CDATA[No records to display]]>
              </value>
            </param>
          </params>
          <reporter-output>
          </reporter-output>
        </test-method> <!-- mergeLead -->
        <test-method is-config="true" signature="afterMethod()[pri:0, instance:com.leafBot.testcases.TC007_MergeLead@350aac89]" started-at="2024-03-30T16:57:34 IST" name="afterMethod" finished-at="2024-03-30T16:57:34 IST" duration-ms="159" status="PASS">
          <reporter-output>
          </reporter-output>
        </test-method> <!-- afterMethod -->
      </class> <!-- com.leafBot.testcases.TC007_MergeLead -->
      <class name="com.leafBot.testcases.TC003_CreateLead">
        <test-method is-config="true" signature="startReport()[pri:0, instance:com.leafBot.testcases.TC003_CreateLead@6bbe85a8]" started-at="2024-03-30T16:54:55 IST" name="startReport" finished-at="2024-03-30T16:54:55 IST" duration-ms="396" status="PASS">
          <reporter-output>
          </reporter-output>
        </test-method> <!-- startReport -->
        <test-method is-config="true" signature="setData()[pri:0, instance:com.leafBot.testcases.TC003_CreateLead@6bbe85a8]" started-at="2024-03-30T16:54:55 IST" name="setData" finished-at="2024-03-30T16:54:55 IST" duration-ms="1" status="PASS">
          <reporter-output>
          </reporter-output>
        </test-method> <!-- setData -->
        <test-method is-config="true" signature="report()[pri:0, instance:com.leafBot.testcases.TC003_CreateLead@6bbe85a8]" started-at="2024-03-30T16:54:55 IST" name="report" finished-at="2024-03-30T16:54:55 IST" duration-ms="25" status="PASS">
          <reporter-output>
          </reporter-output>
        </test-method> <!-- report -->
        <test-method is-config="true" signature="beforeMethod()[pri:0, instance:com.leafBot.testcases.TC003_CreateLead@6bbe85a8]" started-at="2024-03-30T16:54:58 IST" name="beforeMethod" finished-at="2024-03-30T16:57:37 IST" duration-ms="159973" status="PASS">
          <reporter-output>
          </reporter-output>
        </test-method> <!-- beforeMethod -->
        <test-method signature="createLead(java.lang.String,java.lang.String,java.lang.String,java.lang.String,java.lang.String,java.lang.String)[pri:0, instance:com.leafBot.testcases.TC003_CreateLead@6bbe85a8]" started-at="2024-03-30T16:57:37 IST" name="createLead" data-provider="fetchData" finished-at="2024-03-30T16:58:07 IST" duration-ms="29195" status="PASS">
          <params>
            <param index="0">
              <value>
                <![CDATA[DemoSalesManager]]>
              </value>
            </param>
            <param index="1">
              <value>
                <![CDATA[crmsfa]]>
              </value>
            </param>
            <param index="2">
              <value>
                <![CDATA[TestLeaf]]>
              </value>
            </param>
            <param index="3">
              <value>
                <![CDATA[Babu]]>
              </value>
            </param>
            <param index="4">
              <value>
                <![CDATA[M]]>
              </value>
            </param>
            <param index="5">
              <value>
                <![CDATA[babu@testleaf.com]]>
              </value>
            </param>
          </params>
          <reporter-output>
          </reporter-output>
        </test-method> <!-- createLead -->
        <test-method is-config="true" signature="afterMethod()[pri:0, instance:com.leafBot.testcases.TC003_CreateLead@6bbe85a8]" started-at="2024-03-30T16:58:07 IST" name="afterMethod" finished-at="2024-03-30T16:58:07 IST" duration-ms="144" status="PASS">
          <reporter-output>
          </reporter-output>
        </test-method> <!-- afterMethod -->
        <test-method is-config="true" signature="stopReport()[pri:0, instance:com.leafBot.testcases.TC003_CreateLead@6bbe85a8]" started-at="2024-03-30T16:58:07 IST" name="stopReport" finished-at="2024-03-30T16:58:07 IST" duration-ms="521" status="PASS">
          <reporter-output>
          </reporter-output>
        </test-method> <!-- stopReport -->
      </class> <!-- com.leafBot.testcases.TC003_CreateLead -->
      <class name="com.leafBot.testcases.TC006_DuplicateLead">
        <test-method is-config="true" signature="setData()[pri:0, instance:com.leafBot.testcases.TC006_DuplicateLead@75437611]" started-at="2024-03-30T16:54:55 IST" name="setData" finished-at="2024-03-30T16:54:55 IST" duration-ms="0" status="PASS">
          <reporter-output>
          </reporter-output>
        </test-method> <!-- setData -->
        <test-method is-config="true" signature="report()[pri:0, instance:com.leafBot.testcases.TC006_DuplicateLead@75437611]" started-at="2024-03-30T16:54:55 IST" name="report" finished-at="2024-03-30T16:54:55 IST" duration-ms="23" status="PASS">
          <reporter-output>
          </reporter-output>
        </test-method> <!-- report -->
        <test-method is-config="true" signature="beforeMethod()[pri:0, instance:com.leafBot.testcases.TC006_DuplicateLead@75437611]" started-at="2024-03-30T16:54:58 IST" name="beforeMethod" finished-at="2024-03-30T16:55:05 IST" duration-ms="7440" status="PASS">
          <reporter-output>
          </reporter-output>
        </test-method> <!-- beforeMethod -->
        <test-method signature="duplicateLead(java.lang.String,java.lang.String,java.lang.String)[pri:0, instance:com.leafBot.testcases.TC006_DuplicateLead@75437611]" started-at="2024-03-30T16:55:05 IST" name="duplicateLead" data-provider="fetchData" finished-at="2024-03-30T16:55:47 IST" duration-ms="42543" status="PASS">
          <params>
            <param index="0">
              <value>
                <![CDATA[DemoSalesManager]]>
              </value>
            </param>
            <param index="1">
              <value>
                <![CDATA[crmsfa]]>
              </value>
            </param>
            <param index="2">
              <value>
                <![CDATA[babu@testleaf.com]]>
              </value>
            </param>
          </params>
          <reporter-output>
          </reporter-output>
        </test-method> <!-- duplicateLead -->
        <test-method is-config="true" signature="afterMethod()[pri:0, instance:com.leafBot.testcases.TC006_DuplicateLead@75437611]" started-at="2024-03-30T16:55:47 IST" name="afterMethod" finished-at="2024-03-30T16:55:48 IST" duration-ms="149" status="PASS">
          <reporter-output>
          </reporter-output>
        </test-method> <!-- afterMethod -->
      </class> <!-- com.leafBot.testcases.TC006_DuplicateLead -->
      <class name="com.leafBot.testcases.TC004_EditLead">
        <test-method is-config="true" signature="setData()[pri:0, instance:com.leafBot.testcases.TC004_EditLead@7bba5817]" started-at="2024-03-30T16:54:55 IST" name="setData" finished-at="2024-03-30T16:54:55 IST" duration-ms="0" status="PASS">
          <reporter-output>
          </reporter-output>
        </test-method> <!-- setData -->
        <test-method is-config="true" signature="report()[pri:0, instance:com.leafBot.testcases.TC004_EditLead@7bba5817]" started-at="2024-03-30T16:54:55 IST" name="report" finished-at="2024-03-30T16:54:55 IST" duration-ms="26" status="PASS">
          <reporter-output>
          </reporter-output>
        </test-method> <!-- report -->
        <test-method is-config="true" signature="beforeMethod()[pri:0, instance:com.leafBot.testcases.TC004_EditLead@7bba5817]" started-at="2024-03-30T16:54:58 IST" name="beforeMethod" finished-at="2024-03-30T16:57:59 IST" duration-ms="181703" status="FAIL">
          <exception class="java.lang.NullPointerException">
            <message>
              <![CDATA[Cannot invoke "org.openqa.selenium.remote.RemoteWebDriver.getScreenshotAs(org.openqa.selenium.OutputType)" because "this.driver" is null]]>
            </message>
            <full-stacktrace>
              <![CDATA[java.lang.NullPointerException: Cannot invoke "org.openqa.selenium.remote.RemoteWebDriver.getScreenshotAs(org.openqa.selenium.OutputType)" because "this.driver" is null
at com.leafBot.selenium.api.base.SeleniumBase.takeSnap(SeleniumBase.java:479)
at utils.Reporter.reportStep(Reporter.java:48)
at utils.Reporter.reportStep(Reporter.java:64)
at com.leafBot.selenium.api.base.SeleniumBase.startApp(SeleniumBase.java:279)
at com.leafBot.testng.api.base.ProjectSpecificMethods.beforeMethod(ProjectSpecificMethods.java:26)
at java.base/jdk.internal.reflect.NativeMethodAccessorImpl.invoke0(Native Method)
at java.base/jdk.internal.reflect.NativeMethodAccessorImpl.invoke(NativeMethodAccessorImpl.java:78)
at java.base/jdk.internal.reflect.DelegatingMethodAccessorImpl.invoke(DelegatingMethodAccessorImpl.java:43)
at java.base/java.lang.reflect.Method.invoke(Method.java:567)
at org.testng.internal.MethodInvocationHelper.invokeMethod(MethodInvocationHelper.java:133)
at org.testng.internal.MethodInvocationHelper.invokeMethodConsideringTimeout(MethodInvocationHelper.java:62)
at org.testng.internal.ConfigInvoker.invokeConfigurationMethod(ConfigInvoker.java:385)
at org.testng.internal.ConfigInvoker.invokeConfigurations(ConfigInvoker.java:321)
at org.testng.internal.TestInvoker.runConfigMethods(TestInvoker.java:700)
at org.testng.internal.TestInvoker.invokeMethod(TestInvoker.java:527)
at org.testng.internal.TestInvoker.invokeTestMethod(TestInvoker.java:173)
at org.testng.internal.MethodRunner.runInSequence(MethodRunner.java:46)
at org.testng.internal.TestInvoker$MethodInvocationAgent.invoke(TestInvoker.java:824)
at org.testng.internal.TestInvoker.invokeTestMethods(TestInvoker.java:146)
at org.testng.internal.TestMethodWorker.invokeTestMethods(TestMethodWorker.java:146)
at org.testng.internal.TestMethodWorker.run(TestMethodWorker.java:128)
at java.base/java.util.concurrent.ThreadPoolExecutor.runWorker(ThreadPoolExecutor.java:1130)
at java.base/java.util.concurrent.ThreadPoolExecutor$Worker.run(ThreadPoolExecutor.java:630)
at java.base/java.lang.Thread.run(Thread.java:831)
]]>
            </full-stacktrace>
          </exception> <!-- java.lang.NullPointerException -->
          <reporter-output>
          </reporter-output>
        </test-method> <!-- beforeMethod -->
        <test-method signature="editLead(java.lang.String,java.lang.String,java.lang.String,java.lang.String)[pri:0, instance:com.leafBot.testcases.TC004_EditLead@7bba5817]" started-at="2024-03-30T16:57:59 IST" name="editLead" data-provider="fetchData" finished-at="2024-03-30T16:57:59 IST" duration-ms="0" status="SKIP">
          <params>
            <param index="0">
              <value>
                <![CDATA[DemoSalesManager]]>
              </value>
            </param>
            <param index="1">
              <value>
                <![CDATA[crmsfa]]>
              </value>
            </param>
            <param index="2">
              <value>
                <![CDATA[Babu]]>
              </value>
            </param>
            <param index="3">
              <value>
                <![CDATA[Qeagle]]>
              </value>
            </param>
          </params>
          <exception class="java.lang.NullPointerException">
            <message>
              <![CDATA[Cannot invoke "org.openqa.selenium.remote.RemoteWebDriver.getScreenshotAs(org.openqa.selenium.OutputType)" because "this.driver" is null]]>
            </message>
            <full-stacktrace>
              <![CDATA[java.lang.NullPointerException: Cannot invoke "org.openqa.selenium.remote.RemoteWebDriver.getScreenshotAs(org.openqa.selenium.OutputType)" because "this.driver" is null
at com.leafBot.selenium.api.base.SeleniumBase.takeSnap(SeleniumBase.java:479)
at utils.Reporter.reportStep(Reporter.java:48)
at utils.Reporter.reportStep(Reporter.java:64)
at com.leafBot.selenium.api.base.SeleniumBase.startApp(SeleniumBase.java:279)
at com.leafBot.testng.api.base.ProjectSpecificMethods.beforeMethod(ProjectSpecificMethods.java:26)
at java.base/jdk.internal.reflect.NativeMethodAccessorImpl.invoke0(Native Method)
at java.base/jdk.internal.reflect.NativeMethodAccessorImpl.invoke(NativeMethodAccessorImpl.java:78)
at java.base/jdk.internal.reflect.DelegatingMethodAccessorImpl.invoke(DelegatingMethodAccessorImpl.java:43)
at java.base/java.lang.reflect.Method.invoke(Method.java:567)
at org.testng.internal.MethodInvocationHelper.invokeMethod(MethodInvocationHelper.java:133)
at org.testng.internal.MethodInvocationHelper.invokeMethodConsideringTimeout(MethodInvocationHelper.java:62)
at org.testng.internal.ConfigInvoker.invokeConfigurationMethod(ConfigInvoker.java:385)
at org.testng.internal.ConfigInvoker.invokeConfigurations(ConfigInvoker.java:321)
at org.testng.internal.TestInvoker.runConfigMethods(TestInvoker.java:700)
at org.testng.internal.TestInvoker.invokeMethod(TestInvoker.java:527)
at org.testng.internal.TestInvoker.invokeTestMethod(TestInvoker.java:173)
at org.testng.internal.MethodRunner.runInSequence(MethodRunner.java:46)
at org.testng.internal.TestInvoker$MethodInvocationAgent.invoke(TestInvoker.java:824)
at org.testng.internal.TestInvoker.invokeTestMethods(TestInvoker.java:146)
at org.testng.internal.TestMethodWorker.invokeTestMethods(TestMethodWorker.java:146)
at org.testng.internal.TestMethodWorker.run(TestMethodWorker.java:128)
at java.base/java.util.concurrent.ThreadPoolExecutor.runWorker(ThreadPoolExecutor.java:1130)
at java.base/java.util.concurrent.ThreadPoolExecutor$Worker.run(ThreadPoolExecutor.java:630)
at java.base/java.lang.Thread.run(Thread.java:831)
]]>
            </full-stacktrace>
          </exception> <!-- java.lang.NullPointerException -->
          <reporter-output>
          </reporter-output>
        </test-method> <!-- editLead -->
        <test-method is-config="true" signature="afterMethod()[pri:0, instance:com.leafBot.testcases.TC004_EditLead@7bba5817]" started-at="2024-03-30T16:57:59 IST" name="afterMethod" finished-at="1970-01-01T05:30:00 IST" duration-ms="-1711798079722" status="SKIP">
          <reporter-output>
          </reporter-output>
        </test-method> <!-- afterMethod -->
      </class> <!-- com.leafBot.testcases.TC004_EditLead -->
    </test> <!-- Login -->
  </suite> <!-- Suite -->
</testng-results>
